{"/home/tzvi/Documents/composia/src/controllers/units.controller.js": {"path":"/home/tzvi/Documents/composia/src/controllers/units.controller.js","statementMap":{"0":{"start":{"line":3,"column":27},"end":{"line":14,"column":1}},"1":{"start":{"line":4,"column":2},"end":{"line":13,"column":null}},"2":{"start":{"line":5,"column":19},"end":{"line":5,"column":63}},"3":{"start":{"line":6,"column":4},"end":{"line":6,"column":null}},"4":{"start":{"line":8,"column":4},"end":{"line":10,"column":null}},"5":{"start":{"line":9,"column":6},"end":{"line":9,"column":null}},"6":{"start":{"line":11,"column":4},"end":{"line":11,"column":null}},"7":{"start":{"line":12,"column":4},"end":{"line":12,"column":null}},"8":{"start":{"line":16,"column":24},"end":{"line":37,"column":1}},"9":{"start":{"line":17,"column":2},"end":{"line":36,"column":null}},"10":{"start":{"line":19,"column":21},"end":{"line":19,"column":59}},"11":{"start":{"line":21,"column":4},"end":{"line":23,"column":null}},"12":{"start":{"line":22,"column":6},"end":{"line":22,"column":null}},"13":{"start":{"line":25,"column":18},"end":{"line":25,"column":60}},"14":{"start":{"line":26,"column":4},"end":{"line":26,"column":null}},"15":{"start":{"line":28,"column":4},"end":{"line":33,"column":null}},"16":{"start":{"line":29,"column":6},"end":{"line":32,"column":null}},"17":{"start":{"line":31,"column":40},"end":{"line":31,"column":76}},"18":{"start":{"line":34,"column":4},"end":{"line":34,"column":null}},"19":{"start":{"line":35,"column":4},"end":{"line":35,"column":null}},"20":{"start":{"line":40,"column":27},"end":{"line":51,"column":1}},"21":{"start":{"line":41,"column":2},"end":{"line":50,"column":null}},"22":{"start":{"line":42,"column":19},"end":{"line":42,"column":63}},"23":{"start":{"line":43,"column":4},"end":{"line":43,"column":null}},"24":{"start":{"line":45,"column":4},"end":{"line":47,"column":null}},"25":{"start":{"line":46,"column":6},"end":{"line":46,"column":null}},"26":{"start":{"line":48,"column":4},"end":{"line":48,"column":null}},"27":{"start":{"line":49,"column":4},"end":{"line":49,"column":null}},"28":{"start":{"line":54,"column":30},"end":{"line":65,"column":1}},"29":{"start":{"line":55,"column":2},"end":{"line":64,"column":null}},"30":{"start":{"line":56,"column":19},"end":{"line":56,"column":66}},"31":{"start":{"line":57,"column":4},"end":{"line":57,"column":null}},"32":{"start":{"line":59,"column":4},"end":{"line":61,"column":null}},"33":{"start":{"line":60,"column":6},"end":{"line":60,"column":null}},"34":{"start":{"line":62,"column":4},"end":{"line":62,"column":null}},"35":{"start":{"line":63,"column":4},"end":{"line":63,"column":null}},"36":{"start":{"line":68,"column":27},"end":{"line":79,"column":1}},"37":{"start":{"line":69,"column":2},"end":{"line":78,"column":null}},"38":{"start":{"line":70,"column":19},"end":{"line":70,"column":63}},"39":{"start":{"line":71,"column":4},"end":{"line":71,"column":null}},"40":{"start":{"line":73,"column":4},"end":{"line":75,"column":null}},"41":{"start":{"line":74,"column":6},"end":{"line":74,"column":null}},"42":{"start":{"line":76,"column":4},"end":{"line":76,"column":null}},"43":{"start":{"line":77,"column":4},"end":{"line":77,"column":null}}},"fnMap":{"0":{"name":"(anonymous_0)","decl":{"start":{"line":3,"column":27},"end":{"line":3,"column":32}},"loc":{"start":{"line":3,"column":53},"end":{"line":14,"column":1}},"line":3},"1":{"name":"(anonymous_1)","decl":{"start":{"line":16,"column":24},"end":{"line":16,"column":29}},"loc":{"start":{"line":16,"column":50},"end":{"line":37,"column":1}},"line":16},"2":{"name":"(anonymous_2)","decl":{"start":{"line":31,"column":34},"end":{"line":31,"column":35}},"loc":{"start":{"line":31,"column":40},"end":{"line":31,"column":76}},"line":31},"3":{"name":"(anonymous_3)","decl":{"start":{"line":40,"column":27},"end":{"line":40,"column":32}},"loc":{"start":{"line":40,"column":53},"end":{"line":51,"column":1}},"line":40},"4":{"name":"(anonymous_4)","decl":{"start":{"line":54,"column":30},"end":{"line":54,"column":35}},"loc":{"start":{"line":54,"column":56},"end":{"line":65,"column":1}},"line":54},"5":{"name":"(anonymous_5)","decl":{"start":{"line":68,"column":27},"end":{"line":68,"column":32}},"loc":{"start":{"line":68,"column":53},"end":{"line":79,"column":1}},"line":68}},"branchMap":{"0":{"loc":{"start":{"line":8,"column":4},"end":{"line":10,"column":null}},"type":"if","locations":[{"start":{"line":8,"column":4},"end":{"line":10,"column":null}},{"start":{},"end":{}}],"line":8},"1":{"loc":{"start":{"line":19,"column":21},"end":{"line":19,"column":59}},"type":"binary-expr","locations":[{"start":{"line":19,"column":21},"end":{"line":19,"column":38}},{"start":{"line":19,"column":42},"end":{"line":19,"column":59}}],"line":19},"2":{"loc":{"start":{"line":21,"column":4},"end":{"line":23,"column":null}},"type":"if","locations":[{"start":{"line":21,"column":4},"end":{"line":23,"column":null}},{"start":{},"end":{}}],"line":21},"3":{"loc":{"start":{"line":28,"column":4},"end":{"line":33,"column":null}},"type":"if","locations":[{"start":{"line":28,"column":4},"end":{"line":33,"column":null}},{"start":{},"end":{}}],"line":28},"4":{"loc":{"start":{"line":45,"column":4},"end":{"line":47,"column":null}},"type":"if","locations":[{"start":{"line":45,"column":4},"end":{"line":47,"column":null}},{"start":{},"end":{}}],"line":45},"5":{"loc":{"start":{"line":59,"column":4},"end":{"line":61,"column":null}},"type":"if","locations":[{"start":{"line":59,"column":4},"end":{"line":61,"column":null}},{"start":{},"end":{}}],"line":59},"6":{"loc":{"start":{"line":73,"column":4},"end":{"line":75,"column":null}},"type":"if","locations":[{"start":{"line":73,"column":4},"end":{"line":75,"column":null}},{"start":{},"end":{}}],"line":73}},"s":{"0":2,"1":3,"2":3,"3":1,"4":2,"5":1,"6":1,"7":1,"8":2,"9":5,"10":5,"11":5,"12":1,"13":4,"14":2,"15":2,"16":1,"17":1,"18":1,"19":1,"20":2,"21":3,"22":3,"23":1,"24":2,"25":1,"26":1,"27":1,"28":2,"29":3,"30":3,"31":1,"32":2,"33":1,"34":1,"35":1,"36":2,"37":3,"38":3,"39":1,"40":2,"41":1,"42":1,"43":1},"f":{"0":3,"1":5,"2":1,"3":3,"4":3,"5":3},"b":{"0":[1,1],"1":[5,2],"2":[1,4],"3":[1,1],"4":[1,1],"5":[1,1],"6":[1,1]},"meta":{"lastBranch":7,"lastFunction":6,"lastStatement":44,"seen":{"s:3:27:14:1":0,"f:3:27:3:32":0,"s:4:2:13:Infinity":1,"s:5:19:5:63":2,"s:6:4:6:Infinity":3,"b:8:4:10:Infinity:undefined:undefined:undefined:undefined":0,"s:8:4:10:Infinity":4,"s:9:6:9:Infinity":5,"s:11:4:11:Infinity":6,"s:12:4:12:Infinity":7,"s:16:24:37:1":8,"f:16:24:16:29":1,"s:17:2:36:Infinity":9,"s:19:21:19:59":10,"b:19:21:19:38:19:42:19:59":1,"b:21:4:23:Infinity:undefined:undefined:undefined:undefined":2,"s:21:4:23:Infinity":11,"s:22:6:22:Infinity":12,"s:25:18:25:60":13,"s:26:4:26:Infinity":14,"b:28:4:33:Infinity:undefined:undefined:undefined:undefined":3,"s:28:4:33:Infinity":15,"s:29:6:32:Infinity":16,"f:31:34:31:35":2,"s:31:40:31:76":17,"s:34:4:34:Infinity":18,"s:35:4:35:Infinity":19,"s:40:27:51:1":20,"f:40:27:40:32":3,"s:41:2:50:Infinity":21,"s:42:19:42:63":22,"s:43:4:43:Infinity":23,"b:45:4:47:Infinity:undefined:undefined:undefined:undefined":4,"s:45:4:47:Infinity":24,"s:46:6:46:Infinity":25,"s:48:4:48:Infinity":26,"s:49:4:49:Infinity":27,"s:54:30:65:1":28,"f:54:30:54:35":4,"s:55:2:64:Infinity":29,"s:56:19:56:66":30,"s:57:4:57:Infinity":31,"b:59:4:61:Infinity:undefined:undefined:undefined:undefined":5,"s:59:4:61:Infinity":32,"s:60:6:60:Infinity":33,"s:62:4:62:Infinity":34,"s:63:4:63:Infinity":35,"s:68:27:79:1":36,"f:68:27:68:32":5,"s:69:2:78:Infinity":37,"s:70:19:70:63":38,"s:71:4:71:Infinity":39,"b:73:4:75:Infinity:undefined:undefined:undefined:undefined":6,"s:73:4:75:Infinity":40,"s:74:6:74:Infinity":41,"s:76:4:76:Infinity":42,"s:77:4:77:Infinity":43}}}
,"/home/tzvi/Documents/composia/src/dal/db.js": {"path":"/home/tzvi/Documents/composia/src/dal/db.js","statementMap":{"0":{"start":{"line":6,"column":16},"end":{"line":6,"column":null}},"1":{"start":{"line":7,"column":0},"end":{"line":7,"column":null}},"2":{"start":{"line":9,"column":17},"end":{"line":9,"column":null}},"3":{"start":{"line":11,"column":18},"end":{"line":17,"column":null}},"4":{"start":{"line":19,"column":23},"end":{"line":21,"column":null}},"5":{"start":{"line":20,"column":2},"end":{"line":20,"column":null}},"6":{"start":{"line":23,"column":23},"end":{"line":25,"column":null}},"7":{"start":{"line":24,"column":2},"end":{"line":24,"column":null}}},"fnMap":{"0":{"name":"(anonymous_0)","decl":{"start":{"line":19,"column":23},"end":{"line":19,"column":35}},"loc":{"start":{"line":19,"column":35},"end":{"line":21,"column":null}},"line":19},"1":{"name":"(anonymous_1)","decl":{"start":{"line":23,"column":23},"end":{"line":23,"column":35}},"loc":{"start":{"line":23,"column":35},"end":{"line":25,"column":null}},"line":23}},"branchMap":{"0":{"loc":{"start":{"line":6,"column":16},"end":{"line":6,"column":null}},"type":"cond-expr","locations":[{"start":{"line":6,"column":50},"end":{"line":6,"column":64}},{"start":{"line":6,"column":64},"end":{"line":6,"column":null}}],"line":6}},"s":{"0":5,"1":5,"2":5,"3":5,"4":5,"5":7,"6":5,"7":2},"f":{"0":7,"1":2},"b":{"0":[5,0]},"meta":{"lastBranch":1,"lastFunction":2,"lastStatement":8,"seen":{"s:6:16:6:Infinity":0,"b:6:50:6:64:6:64:6:Infinity":0,"s:7:0:7:Infinity":1,"s:9:17:9:Infinity":2,"s:11:18:17:Infinity":3,"s:19:23:21:Infinity":4,"f:19:23:19:35":0,"s:20:2:20:Infinity":5,"s:23:23:25:Infinity":6,"f:23:23:23:35":1,"s:24:2:24:Infinity":7}}}
,"/home/tzvi/Documents/composia/src/dal/units.repository.js": {"path":"/home/tzvi/Documents/composia/src/dal/units.repository.js","statementMap":{"0":{"start":{"line":3,"column":27},"end":{"line":15,"column":1}},"1":{"start":{"line":4,"column":16},"end":{"line":8,"column":3}},"2":{"start":{"line":9,"column":14},"end":{"line":13,"column":4}},"3":{"start":{"line":10,"column":19},"end":{"line":10,"column":23}},"4":{"start":{"line":11,"column":19},"end":{"line":11,"column":26}},"5":{"start":{"line":12,"column":19},"end":{"line":12,"column":34}},"6":{"start":{"line":14,"column":2},"end":{"line":14,"column":null}},"7":{"start":{"line":18,"column":25},"end":{"line":22,"column":1}},"8":{"start":{"line":19,"column":16},"end":{"line":19,"column":64}},"9":{"start":{"line":20,"column":14},"end":{"line":20,"column":42}},"10":{"start":{"line":21,"column":2},"end":{"line":21,"column":null}},"11":{"start":{"line":25,"column":27},"end":{"line":40,"column":1}},"12":{"start":{"line":26,"column":16},"end":{"line":32,"column":3}},"13":{"start":{"line":34,"column":14},"end":{"line":37,"column":4}},"14":{"start":{"line":35,"column":19},"end":{"line":35,"column":23}},"15":{"start":{"line":36,"column":19},"end":{"line":36,"column":34}},"16":{"start":{"line":39,"column":2},"end":{"line":39,"column":null}},"17":{"start":{"line":43,"column":30},"end":{"line":56,"column":1}},"18":{"start":{"line":44,"column":16},"end":{"line":50,"column":3}},"19":{"start":{"line":51,"column":14},"end":{"line":54,"column":4}},"20":{"start":{"line":52,"column":21},"end":{"line":52,"column":25}},"21":{"start":{"line":53,"column":21},"end":{"line":53,"column":36}},"22":{"start":{"line":55,"column":2},"end":{"line":55,"column":null}},"23":{"start":{"line":58,"column":27},"end":{"line":67,"column":1}},"24":{"start":{"line":60,"column":16},"end":{"line":60,"column":75}},"25":{"start":{"line":61,"column":14},"end":{"line":61,"column":42}},"26":{"start":{"line":63,"column":2},"end":{"line":66,"column":null}},"27":{"start":{"line":64,"column":33},"end":{"line":64,"column":39}}},"fnMap":{"0":{"name":"(anonymous_0)","decl":{"start":{"line":3,"column":27},"end":{"line":3,"column":32}},"loc":{"start":{"line":3,"column":44},"end":{"line":15,"column":1}},"line":3},"1":{"name":"(anonymous_1)","decl":{"start":{"line":10,"column":14},"end":{"line":10,"column":15}},"loc":{"start":{"line":10,"column":19},"end":{"line":10,"column":23}},"line":10},"2":{"name":"(anonymous_2)","decl":{"start":{"line":11,"column":14},"end":{"line":11,"column":15}},"loc":{"start":{"line":11,"column":19},"end":{"line":11,"column":26}},"line":11},"3":{"name":"(anonymous_3)","decl":{"start":{"line":12,"column":14},"end":{"line":12,"column":15}},"loc":{"start":{"line":12,"column":19},"end":{"line":12,"column":34}},"line":12},"4":{"name":"(anonymous_4)","decl":{"start":{"line":18,"column":25},"end":{"line":18,"column":30}},"loc":{"start":{"line":18,"column":40},"end":{"line":22,"column":1}},"line":18},"5":{"name":"(anonymous_5)","decl":{"start":{"line":25,"column":27},"end":{"line":25,"column":32}},"loc":{"start":{"line":25,"column":44},"end":{"line":40,"column":1}},"line":25},"6":{"name":"(anonymous_6)","decl":{"start":{"line":35,"column":14},"end":{"line":35,"column":15}},"loc":{"start":{"line":35,"column":19},"end":{"line":35,"column":23}},"line":35},"7":{"name":"(anonymous_7)","decl":{"start":{"line":36,"column":14},"end":{"line":36,"column":15}},"loc":{"start":{"line":36,"column":19},"end":{"line":36,"column":34}},"line":36},"8":{"name":"(anonymous_8)","decl":{"start":{"line":43,"column":30},"end":{"line":43,"column":35}},"loc":{"start":{"line":43,"column":49},"end":{"line":56,"column":1}},"line":43},"9":{"name":"(anonymous_9)","decl":{"start":{"line":52,"column":16},"end":{"line":52,"column":17}},"loc":{"start":{"line":52,"column":21},"end":{"line":52,"column":25}},"line":52},"10":{"name":"(anonymous_10)","decl":{"start":{"line":53,"column":16},"end":{"line":53,"column":17}},"loc":{"start":{"line":53,"column":21},"end":{"line":53,"column":36}},"line":53},"11":{"name":"(anonymous_11)","decl":{"start":{"line":58,"column":27},"end":{"line":58,"column":32}},"loc":{"start":{"line":58,"column":42},"end":{"line":67,"column":1}},"line":58},"12":{"name":"(anonymous_12)","decl":{"start":{"line":64,"column":26},"end":{"line":64,"column":29}},"loc":{"start":{"line":64,"column":33},"end":{"line":64,"column":39}},"line":64}},"branchMap":{"0":{"loc":{"start":{"line":12,"column":19},"end":{"line":12,"column":34}},"type":"binary-expr","locations":[{"start":{"line":12,"column":19},"end":{"line":12,"column":28}},{"start":{"line":12,"column":32},"end":{"line":12,"column":34}}],"line":12},"1":{"loc":{"start":{"line":36,"column":19},"end":{"line":36,"column":34}},"type":"binary-expr","locations":[{"start":{"line":36,"column":19},"end":{"line":36,"column":26}},{"start":{"line":36,"column":30},"end":{"line":36,"column":34}}],"line":36},"2":{"loc":{"start":{"line":53,"column":21},"end":{"line":53,"column":36}},"type":"binary-expr","locations":[{"start":{"line":53,"column":21},"end":{"line":53,"column":30}},{"start":{"line":53,"column":34},"end":{"line":53,"column":36}}],"line":53}},"s":{"0":3,"1":5,"2":5,"3":10,"4":10,"5":10,"6":5,"7":3,"8":2,"9":2,"10":2,"11":3,"12":1,"13":1,"14":2,"15":2,"16":1,"17":3,"18":1,"19":1,"20":2,"21":2,"22":1,"23":3,"24":1,"25":1,"26":1,"27":2},"f":{"0":5,"1":10,"2":10,"3":10,"4":2,"5":1,"6":2,"7":2,"8":1,"9":2,"10":2,"11":1,"12":2},"b":{"0":[10,0],"1":[2,0],"2":[2,0]},"meta":{"lastBranch":3,"lastFunction":13,"lastStatement":28,"seen":{"s:3:27:15:1":0,"f:3:27:3:32":0,"s:4:16:8:3":1,"s:9:14:13:4":2,"f:10:14:10:15":1,"s:10:19:10:23":3,"f:11:14:11:15":2,"s:11:19:11:26":4,"f:12:14:12:15":3,"s:12:19:12:34":5,"b:12:19:12:28:12:32:12:34":0,"s:14:2:14:Infinity":6,"s:18:25:22:1":7,"f:18:25:18:30":4,"s:19:16:19:64":8,"s:20:14:20:42":9,"s:21:2:21:Infinity":10,"s:25:27:40:1":11,"f:25:27:25:32":5,"s:26:16:32:3":12,"s:34:14:37:4":13,"f:35:14:35:15":6,"s:35:19:35:23":14,"f:36:14:36:15":7,"s:36:19:36:34":15,"b:36:19:36:26:36:30:36:34":1,"s:39:2:39:Infinity":16,"s:43:30:56:1":17,"f:43:30:43:35":8,"s:44:16:50:3":18,"s:51:14:54:4":19,"f:52:16:52:17":9,"s:52:21:52:25":20,"f:53:16:53:17":10,"s:53:21:53:36":21,"b:53:21:53:30:53:34:53:36":2,"s:55:2:55:Infinity":22,"s:58:27:67:1":23,"f:58:27:58:32":11,"s:60:16:60:75":24,"s:61:14:61:42":25,"s:63:2:66:Infinity":26,"f:64:26:64:29":12,"s:64:33:64:39":27}}}
,"/home/tzvi/Documents/composia/src/models/unit.model.js": {"path":"/home/tzvi/Documents/composia/src/models/unit.model.js","statementMap":{"0":{"start":{"line":7,"column":15},"end":{"line":9,"column":76}},"1":{"start":{"line":11,"column":26},"end":{"line":16,"column":2}},"2":{"start":{"line":21,"column":35},"end":{"line":26,"column":8}},"3":{"start":{"line":28,"column":36},"end":{"line":28,"column":55}},"4":{"start":{"line":33,"column":33},"end":{"line":37,"column":26}},"5":{"start":{"line":35,"column":2},"end":{"line":35,"column":null}},"6":{"start":{"line":35,"column":31},"end":{"line":35,"column":null}},"7":{"start":{"line":36,"column":2},"end":{"line":36,"column":null}},"8":{"start":{"line":39,"column":34},"end":{"line":39,"column":53}},"9":{"start":{"line":44,"column":40},"end":{"line":49,"column":8}},"10":{"start":{"line":51,"column":36},"end":{"line":51,"column":55}},"11":{"start":{"line":56,"column":43},"end":{"line":61,"column":8}},"12":{"start":{"line":63,"column":44},"end":{"line":63,"column":63}},"13":{"start":{"line":68,"column":40},"end":{"line":70,"column":2}},"14":{"start":{"line":72,"column":41},"end":{"line":75,"column":2}}},"fnMap":{"0":{"name":"(anonymous_0)","decl":{"start":{"line":33,"column":46},"end":{"line":33,"column":47}},"loc":{"start":{"line":33,"column":55},"end":{"line":37,"column":1}},"line":33}},"branchMap":{"0":{"loc":{"start":{"line":35,"column":2},"end":{"line":35,"column":null}},"type":"if","locations":[{"start":{"line":35,"column":2},"end":{"line":35,"column":null}},{"start":{},"end":{}}],"line":35}},"s":{"0":4,"1":4,"2":4,"3":4,"4":4,"5":3,"6":2,"7":1,"8":4,"9":4,"10":4,"11":4,"12":4,"13":4,"14":4},"f":{"0":3},"b":{"0":[2,1]},"meta":{"lastBranch":1,"lastFunction":1,"lastStatement":15,"seen":{"s:7:15:9:76":0,"s:11:26:16:2":1,"s:21:35:26:8":2,"s:28:36:28:55":3,"s:33:33:37:26":4,"f:33:46:33:47":0,"b:35:2:35:Infinity:undefined:undefined:undefined:undefined":0,"s:35:2:35:Infinity":5,"s:35:31:35:Infinity":6,"s:36:2:36:Infinity":7,"s:39:34:39:53":8,"s:44:40:49:8":9,"s:51:36:51:55":10,"s:56:43:61:8":11,"s:63:44:63:63":12,"s:68:40:70:2":13,"s:72:41:75:2":14}}}
,"/home/tzvi/Documents/composia/src/routes/units.routes.js": {"path":"/home/tzvi/Documents/composia/src/routes/units.routes.js","statementMap":{"0":{"start":{"line":4,"column":4},"end":{"line":4,"column":null}},"1":{"start":{"line":5,"column":4},"end":{"line":5,"column":null}},"2":{"start":{"line":6,"column":4},"end":{"line":6,"column":null}},"3":{"start":{"line":7,"column":4},"end":{"line":7,"column":null}},"4":{"start":{"line":8,"column":4},"end":{"line":8,"column":null}}},"fnMap":{"0":{"name":"unitRoutes","decl":{"start":{"line":3,"column":30},"end":{"line":3,"column":40}},"loc":{"start":{"line":3,"column":59},"end":{"line":9,"column":null}},"line":3}},"branchMap":{},"s":{"0":1,"1":1,"2":1,"3":1,"4":1},"f":{"0":1},"b":{},"meta":{"lastBranch":0,"lastFunction":1,"lastStatement":5,"seen":{"f:3:30:3:40":0,"s:4:4:4:Infinity":0,"s:5:4:5:Infinity":1,"s:6:4:6:Infinity":2,"s:7:4:7:Infinity":3,"s:8:4:8:Infinity":4}}}
,"/home/tzvi/Documents/composia/src/services/units.service.js": {"path":"/home/tzvi/Documents/composia/src/services/units.service.js","statementMap":{"0":{"start":{"line":16,"column":27},"end":{"line":27,"column":1}},"1":{"start":{"line":17,"column":25},"end":{"line":17,"column":61}},"2":{"start":{"line":19,"column":24},"end":{"line":23,"column":5}},"3":{"start":{"line":19,"column":52},"end":{"line":23,"column":3}},"4":{"start":{"line":25,"column":18},"end":{"line":25,"column":60}},"5":{"start":{"line":26,"column":2},"end":{"line":26,"column":null}},"6":{"start":{"line":30,"column":29},"end":{"line":36,"column":1}},"7":{"start":{"line":32,"column":23},"end":{"line":32,"column":53}},"8":{"start":{"line":34,"column":15},"end":{"line":34,"column":54}},"9":{"start":{"line":35,"column":2},"end":{"line":35,"column":null}},"10":{"start":{"line":39,"column":27},"end":{"line":46,"column":1}},"11":{"start":{"line":40,"column":25},"end":{"line":40,"column":66}},"12":{"start":{"line":42,"column":22},"end":{"line":42,"column":65}},"13":{"start":{"line":45,"column":2},"end":{"line":45,"column":null}},"14":{"start":{"line":49,"column":30},"end":{"line":58,"column":1}},"15":{"start":{"line":51,"column":25},"end":{"line":51,"column":69}},"16":{"start":{"line":54,"column":22},"end":{"line":54,"column":68}},"17":{"start":{"line":57,"column":2},"end":{"line":57,"column":null}},"18":{"start":{"line":61,"column":27},"end":{"line":70,"column":1}},"19":{"start":{"line":63,"column":18},"end":{"line":63,"column":59}},"20":{"start":{"line":66,"column":17},"end":{"line":66,"column":49}},"21":{"start":{"line":69,"column":2},"end":{"line":69,"column":null}}},"fnMap":{"0":{"name":"(anonymous_0)","decl":{"start":{"line":16,"column":27},"end":{"line":16,"column":32}},"loc":{"start":{"line":16,"column":48},"end":{"line":27,"column":1}},"line":16},"1":{"name":"(anonymous_1)","decl":{"start":{"line":19,"column":43},"end":{"line":19,"column":47}},"loc":{"start":{"line":19,"column":52},"end":{"line":23,"column":3}},"line":19},"2":{"name":"(anonymous_2)","decl":{"start":{"line":30,"column":29},"end":{"line":30,"column":34}},"loc":{"start":{"line":30,"column":46},"end":{"line":36,"column":1}},"line":30},"3":{"name":"(anonymous_3)","decl":{"start":{"line":39,"column":27},"end":{"line":39,"column":32}},"loc":{"start":{"line":39,"column":48},"end":{"line":46,"column":1}},"line":39},"4":{"name":"(anonymous_4)","decl":{"start":{"line":49,"column":30},"end":{"line":49,"column":35}},"loc":{"start":{"line":49,"column":51},"end":{"line":58,"column":1}},"line":49},"5":{"name":"(anonymous_5)","decl":{"start":{"line":61,"column":27},"end":{"line":61,"column":32}},"loc":{"start":{"line":61,"column":48},"end":{"line":70,"column":1}},"line":61}},"branchMap":{},"s":{"0":2,"1":2,"2":2,"3":1,"4":2,"5":1,"6":2,"7":1,"8":1,"9":1,"10":2,"11":1,"12":1,"13":1,"14":2,"15":1,"16":1,"17":1,"18":2,"19":1,"20":1,"21":1},"f":{"0":2,"1":1,"2":1,"3":1,"4":1,"5":1},"b":{},"meta":{"lastBranch":0,"lastFunction":6,"lastStatement":22,"seen":{"s:16:27:27:1":0,"f:16:27:16:32":0,"s:17:25:17:61":1,"s:19:24:23:5":2,"f:19:43:19:47":1,"s:19:52:23:3":3,"s:25:18:25:60":4,"s:26:2:26:Infinity":5,"s:30:29:36:1":6,"f:30:29:30:34":2,"s:32:23:32:53":7,"s:34:15:34:54":8,"s:35:2:35:Infinity":9,"s:39:27:46:1":10,"f:39:27:39:32":3,"s:40:25:40:66":11,"s:42:22:42:65":12,"s:45:2:45:Infinity":13,"s:49:30:58:1":14,"f:49:30:49:35":4,"s:51:25:51:69":15,"s:54:22:54:68":16,"s:57:2:57:Infinity":17,"s:61:27:70:1":18,"f:61:27:61:32":5,"s:63:18:63:59":19,"s:66:17:66:49":20,"s:69:2:69:Infinity":21}}}
,"/home/tzvi/Documents/composia/src/utils/id.js": {"path":"/home/tzvi/Documents/composia/src/utils/id.js","statementMap":{"0":{"start":{"line":3,"column":30},"end":{"line":6,"column":1}},"1":{"start":{"line":4,"column":16},"end":{"line":4,"column":62}},"2":{"start":{"line":5,"column":2},"end":{"line":5,"column":null}}},"fnMap":{"0":{"name":"(anonymous_0)","decl":{"start":{"line":3,"column":30},"end":{"line":3,"column":31}},"loc":{"start":{"line":3,"column":40},"end":{"line":6,"column":1}},"line":3}},"branchMap":{"0":{"loc":{"start":{"line":4,"column":16},"end":{"line":4,"column":62}},"type":"binary-expr","locations":[{"start":{"line":4,"column":16},"end":{"line":4,"column":20}},{"start":{"line":4,"column":24},"end":{"line":4,"column":62}}],"line":4}},"s":{"0":4,"1":7,"2":7},"f":{"0":7},"b":{"0":[7,3]},"meta":{"lastBranch":1,"lastFunction":1,"lastStatement":3,"seen":{"s:3:30:6:1":0,"f:3:30:3:31":0,"s:4:16:4:62":1,"b:4:16:4:20:4:24:4:62":0,"s:5:2:5:Infinity":2}}}
}
